{"level":"info","message":"Server running on port 3000","timestamp":"2025-04-15T16:55:21.099Z"}
{"level":"info","message":"Server running on port 3000","timestamp":"2025-04-16T18:32:06.497Z"}
{"level":"info","message":"Server running on port 3000","timestamp":"2025-04-16T18:33:24.528Z"}
{"level":"info","message":"Server running on port 3000","timestamp":"2025-04-16T18:43:30.370Z"}
{"level":"info","message":"Server running on port 3000","timestamp":"2025-04-16T18:48:58.980Z"}
{"level":"info","message":"Server running on port 3000","timestamp":"2025-04-16T18:49:54.385Z"}
{"level":"info","message":"Server running on port 3000","timestamp":"2025-04-16T18:50:35.030Z"}
{"level":"info","message":"Server running on port 3000","timestamp":"2025-04-16T18:50:53.554Z"}
{"level":"info","message":"Server running on port 3000","timestamp":"2025-04-16T18:51:21.627Z"}
{"level":"info","message":"Server running on port 3000","timestamp":"2025-04-16T18:54:29.637Z"}
{"level":"info","message":"Server running on port 3000","timestamp":"2025-04-16T18:57:54.138Z"}
{"level":"info","message":"Server running on port 3000","timestamp":"2025-04-16T18:58:05.317Z"}
{"level":"info","message":"Server running on port 3000","timestamp":"2025-04-16T19:02:01.673Z"}
{"level":"info","message":"Server running on port 3000","timestamp":"2025-04-16T19:02:56.644Z"}
{"level":"info","message":"Server running on port 3000","timestamp":"2025-04-16T19:07:59.010Z"}
{"level":"info","message":"Server running on port 3000","timestamp":"2025-04-16T19:08:58.256Z"}
{"level":"info","message":"Server running on port 3000","timestamp":"2025-04-16T19:09:03.132Z"}
{"level":"info","message":"Server running on port 3000","timestamp":"2025-04-16T19:13:53.303Z"}
{"level":"info","message":"Server running on port 3000","timestamp":"2025-04-16T19:20:32.011Z"}
{"level":"info","message":"Server running on port 3000","timestamp":"2025-04-16T19:21:28.810Z"}
{"level":"info","message":"Server running on port 3000","timestamp":"2025-04-16T19:32:00.465Z"}
{"level":"info","message":"Server running on port 3000","timestamp":"2025-04-16T20:23:58.294Z"}
{"level":"error","message":"Internal server error","stack":"Error: Internal server error\n    at register (file:///G:/New%20folder/startup/server/api/controllers/auth.controller.js:65:14)\n    at Layer.handleRequest (G:\\New folder\\startup\\node_modules\\router\\lib\\layer.js:152:17)\n    at next (G:\\New folder\\startup\\node_modules\\router\\lib\\route.js:157:13)\n    at Route.dispatch (G:\\New folder\\startup\\node_modules\\router\\lib\\route.js:117:3)\n    at handle (G:\\New folder\\startup\\node_modules\\router\\index.js:435:11)\n    at Layer.handleRequest (G:\\New folder\\startup\\node_modules\\router\\lib\\layer.js:152:17)\n    at G:\\New folder\\startup\\node_modules\\router\\index.js:295:15\n    at processParams (G:\\New folder\\startup\\node_modules\\router\\index.js:582:12)\n    at next (G:\\New folder\\startup\\node_modules\\router\\index.js:291:5)\n    at Function.handle (G:\\New folder\\startup\\node_modules\\router\\index.js:186:3)","timestamp":"2025-04-16T20:24:08.116Z"}
{"level":"info","message":"Server running on port 3000","timestamp":"2025-04-16T20:28:00.939Z"}
{"level":"error","message":"Internal server error","stack":"Error: Internal server error\n    at register (file:///G:/New%20folder/startup/server/api/controllers/auth.controller.js:66:14)\n    at Layer.handleRequest (G:\\New folder\\startup\\node_modules\\router\\lib\\layer.js:152:17)\n    at next (G:\\New folder\\startup\\node_modules\\router\\lib\\route.js:157:13)\n    at Route.dispatch (G:\\New folder\\startup\\node_modules\\router\\lib\\route.js:117:3)\n    at handle (G:\\New folder\\startup\\node_modules\\router\\index.js:435:11)\n    at Layer.handleRequest (G:\\New folder\\startup\\node_modules\\router\\lib\\layer.js:152:17)\n    at G:\\New folder\\startup\\node_modules\\router\\index.js:295:15\n    at processParams (G:\\New folder\\startup\\node_modules\\router\\index.js:582:12)\n    at next (G:\\New folder\\startup\\node_modules\\router\\index.js:291:5)\n    at Function.handle (G:\\New folder\\startup\\node_modules\\router\\index.js:186:3)","timestamp":"2025-04-16T20:29:07.469Z"}
{"level":"info","message":"Server running on port 3000","timestamp":"2025-04-16T20:29:39.811Z"}
{"level":"error","message":"Internal server error","stack":"Error: Internal server error\n    at register (file:///G:/New%20folder/startup/server/api/controllers/auth.controller.js:67:14)\n    at Layer.handleRequest (G:\\New folder\\startup\\node_modules\\router\\lib\\layer.js:152:17)\n    at next (G:\\New folder\\startup\\node_modules\\router\\lib\\route.js:157:13)\n    at Route.dispatch (G:\\New folder\\startup\\node_modules\\router\\lib\\route.js:117:3)\n    at handle (G:\\New folder\\startup\\node_modules\\router\\index.js:435:11)\n    at Layer.handleRequest (G:\\New folder\\startup\\node_modules\\router\\lib\\layer.js:152:17)\n    at G:\\New folder\\startup\\node_modules\\router\\index.js:295:15\n    at processParams (G:\\New folder\\startup\\node_modules\\router\\index.js:582:12)\n    at next (G:\\New folder\\startup\\node_modules\\router\\index.js:291:5)\n    at Function.handle (G:\\New folder\\startup\\node_modules\\router\\index.js:186:3)","timestamp":"2025-04-16T20:29:41.299Z"}
{"level":"error","message":"Internal server error","stack":"Error: Internal server error\n    at register (file:///G:/New%20folder/startup/server/api/controllers/auth.controller.js:67:14)","timestamp":"2025-04-16T20:32:32.091Z"}
{"level":"error","message":"Internal server error","stack":"Error: Internal server error\n    at register (file:///G:/New%20folder/startup/server/api/controllers/auth.controller.js:67:14)","timestamp":"2025-04-16T20:34:20.331Z"}
{"level":"info","message":"Server running on port 3000","timestamp":"2025-04-16T20:34:31.192Z"}
{"level":"info","message":"Server running on port 3000","timestamp":"2025-04-16T20:45:44.665Z"}
{"level":"info","message":"Server running on port 3000","timestamp":"2025-04-16T20:48:30.321Z"}
{"level":"info","message":"Server running on port 3000","timestamp":"2025-04-16T21:03:12.096Z"}
{"level":"info","message":"Server running on port 3000","timestamp":"2025-04-16T21:03:40.493Z"}
{"level":"error","message":"Internal server error","stack":"Error: Internal server error\n    at register (file:///G:/New%20folder/startup/server/api/controllers/auth.controller.js:67:14)","timestamp":"2025-04-16T21:04:33.723Z"}
{"level":"info","message":"Server running on port 3000","timestamp":"2025-04-16T21:07:14.040Z"}
{"level":"info","message":"Server running on port 3000","timestamp":"2025-04-16T21:07:32.726Z"}
{"level":"error","message":"Internal server error","stack":"Error: Internal server error\n    at register (file:///G:/New%20folder/startup/server/api/controllers/auth.controller.js:67:14)","timestamp":"2025-04-16T21:08:06.882Z"}
{"level":"error","message":"Internal server error","stack":"Error: Internal server error\n    at register (file:///G:/New%20folder/startup/server/api/controllers/auth.controller.js:67:14)","timestamp":"2025-04-16T21:08:19.816Z"}
{"level":"info","message":"Server running on port 3000","timestamp":"2025-04-16T21:10:13.457Z"}
{"level":"error","message":"Internal server error","stack":"Error: Internal server error\n    at register (file:///G:/New%20folder/startup/server/api/controllers/auth.controller.js:67:14)","timestamp":"2025-04-16T21:11:08.261Z"}
{"level":"info","message":"Server running on port 3000","timestamp":"2025-04-16T21:14:11.002Z"}
{"level":"info","message":"Server running on port 3000","timestamp":"2025-04-16T21:14:30.001Z"}
{"level":"info","message":"Server running on port 3000","timestamp":"2025-04-16T21:16:05.886Z"}
{"level":"error","message":"Internal server error","stack":"Error: Internal server error\n    at register (file:///G:/New%20folder/startup/server/api/controllers/auth.controller.js:67:14)","timestamp":"2025-04-16T21:16:15.908Z"}
{"level":"error","message":"Internal server error","stack":"Error: Internal server error\n    at register (file:///G:/New%20folder/startup/server/api/controllers/auth.controller.js:67:14)","timestamp":"2025-04-16T21:18:05.539Z"}
{"level":"info","message":"Server running on port 3000","timestamp":"2025-04-16T21:18:23.035Z"}
{"level":"info","message":"Server running on port 3000","timestamp":"2025-04-16T21:18:39.032Z"}
{"level":"info","message":"Server running on port 3000","timestamp":"2025-04-16T21:19:08.648Z"}
{"level":"error","message":"Internal server error","stack":"Error: Internal server error\n    at register (file:///G:/New%20folder/startup/server/api/controllers/auth.controller.js:67:14)","timestamp":"2025-04-16T21:19:15.485Z"}
{"level":"info","message":"Server running on port 3000","timestamp":"2025-04-16T21:33:14.596Z"}
{"level":"info","message":"Server running on port 3000","timestamp":"2025-04-16T21:36:39.620Z"}
{"level":"error","message":"Internal server error","stack":"Error: Internal server error\n    at register (file:///G:/New%20folder/startup/server/api/controllers/auth.controller.js:67:14)","timestamp":"2025-04-16T21:36:45.431Z"}
{"level":"info","message":"Server running on port 3000","timestamp":"2025-04-16T21:47:02.706Z"}
{"level":"error","message":"Internal server error","stack":"Error: Internal server error\n    at register (file:///G:/New%20folder/startup/server/api/controllers/auth.controller.js:67:14)","timestamp":"2025-04-16T21:47:39.789Z"}
{"level":"info","message":"Server running on port 3000","timestamp":"2025-04-16T21:51:59.949Z"}
{"level":"error","message":"Internal server error","stack":"Error: Internal server error\n    at register (file:///G:/New%20folder/startup/server/api/controllers/auth.controller.js:67:14)","timestamp":"2025-04-16T21:52:08.688Z"}
{"level":"info","message":"Server running on port 3000","timestamp":"2025-04-16T21:55:09.357Z"}
{"level":"error","message":"Internal server error","stack":"Error: Internal server error\n    at register (file:///G:/New%20folder/startup/server/api/controllers/auth.controller.js:70:14)","timestamp":"2025-04-16T21:55:31.589Z"}
{"level":"error","message":"Internal server error","stack":"Error: Internal server error\n    at register (file:///G:/New%20folder/startup/server/api/controllers/auth.controller.js:70:14)","timestamp":"2025-04-16T21:56:14.610Z"}
{"level":"error","message":"Internal server error","stack":"Error: Internal server error\n    at register (file:///G:/New%20folder/startup/server/api/controllers/auth.controller.js:70:14)","timestamp":"2025-04-16T21:56:24.617Z"}
{"level":"info","message":"Server running on port 3000","timestamp":"2025-04-16T21:56:57.824Z"}
{"level":"error","message":"Internal server error","stack":"Error: Internal server error\n    at register (file:///G:/New%20folder/startup/server/api/controllers/auth.controller.js:71:14)","timestamp":"2025-04-16T21:56:59.709Z"}
{"level":"info","message":"Server running on port 3000","timestamp":"2025-04-16T21:57:47.864Z"}
{"level":"info","message":"Server running on port 3000","timestamp":"2025-04-16T21:58:07.169Z"}
{"level":"info","message":"Server running on port 3000","timestamp":"2025-04-16T21:58:15.717Z"}
{"level":"error","message":"Internal server error","stack":"Error: Internal server error\n    at register (file:///G:/New%20folder/startup/server/api/controllers/auth.controller.js:71:14)","timestamp":"2025-04-16T21:58:23.080Z"}
{"level":"error","message":"Internal server error","stack":"Error: Internal server error\n    at register (file:///G:/New%20folder/startup/server/api/controllers/auth.controller.js:71:14)","timestamp":"2025-04-16T21:58:52.750Z"}
{"level":"error","message":"Internal server error","stack":"Error: Internal server error\n    at register (file:///G:/New%20folder/startup/server/api/controllers/auth.controller.js:71:14)","timestamp":"2025-04-16T21:59:09.164Z"}
{"level":"error","message":"Internal server error","stack":"Error: Internal server error\n    at register (file:///G:/New%20folder/startup/server/api/controllers/auth.controller.js:71:14)","timestamp":"2025-04-16T21:59:13.096Z"}
{"level":"info","message":"Server running on port 3000","timestamp":"2025-04-16T22:00:29.294Z"}
{"level":"info","message":"Server running on port 3000","timestamp":"2025-04-16T22:00:30.746Z"}
{"level":"error","message":"Internal server error","stack":"Error: Internal server error\n    at register (file:///G:/New%20folder/startup/server/api/controllers/auth.controller.js:71:14)","timestamp":"2025-04-16T22:00:36.884Z"}
{"level":"info","message":"Server running on port 3000","timestamp":"2025-04-16T22:03:24.306Z"}
{"level":"info","message":"Server running on port 3000","timestamp":"2025-04-16T22:03:43.407Z"}
{"level":"info","message":"Server running on port 3000","timestamp":"2025-04-16T22:03:59.742Z"}
{"level":"error","message":"Internal server error","stack":"Error: Internal server error\n    at register (file:///G:/New%20folder/startup/server/api/controllers/auth.controller.js:71:14)","timestamp":"2025-04-16T22:04:18.590Z"}
{"level":"info","message":"Server running on port 3000","timestamp":"2025-04-16T22:12:19.707Z"}
{"level":"error","message":"Internal server error","stack":"Error: Internal server error\n    at register (file:///G:/New%20folder/startup/server/api/controllers/auth.controller.js:71:14)","timestamp":"2025-04-16T22:12:24.111Z"}
{"level":"info","message":"Server running on port 3000","timestamp":"2025-04-16T22:15:12.190Z"}
{"level":"info","message":"Server running on port 3000","timestamp":"2025-04-16T22:15:12.977Z"}
{"level":"error","message":"Internal server error","stack":"Error: Internal server error\n    at register (file:///G:/New%20folder/startup/server/api/controllers/auth.controller.js:76:14)","timestamp":"2025-04-16T22:15:20.065Z"}
{"level":"info","message":"Server running on port 3000","timestamp":"2025-04-16T22:18:32.960Z"}
{"level":"error","message":"Internal server error","stack":"Error: Internal server error\n    at register (file:///G:/New%20folder/startup/server/api/controllers/auth.controller.js:76:14)","timestamp":"2025-04-16T22:18:39.818Z"}
{"level":"info","message":"Server running on port 3000","timestamp":"2025-04-16T22:27:05.909Z"}
{"level":"error","message":"Internal server error","stack":"Error: Internal server error\n    at register (file:///G:/New%20folder/startup/server/api/controllers/auth.controller.js:72:14)","timestamp":"2025-04-16T22:27:12.513Z"}
{"level":"info","message":"Server running on port 3000","timestamp":"2025-04-16T22:31:03.176Z"}
{"level":"error","message":"Internal server error","stack":"Error: Internal server error\n    at register (file:///G:/New%20folder/startup/server/api/controllers/auth.controller.js:72:14)","timestamp":"2025-04-16T22:31:11.820Z"}
{"level":"info","message":"Server running on port 3000","timestamp":"2025-04-16T22:34:11.087Z"}
{"level":"info","message":"Server running on port 3000","timestamp":"2025-04-16T22:34:31.671Z"}
{"level":"info","message":"Server running on port 3000","timestamp":"2025-04-16T22:34:52.813Z"}
{"level":"error","message":"Internal server error","stack":"Error: Internal server error\n    at register (file:///G:/New%20folder/startup/server/api/controllers/auth.controller.js:72:14)","timestamp":"2025-04-16T22:35:00.283Z"}
{"level":"info","message":"Server running on port 3000","timestamp":"2025-04-16T22:39:52.293Z"}
{"level":"info","message":"Server running on port 3000","timestamp":"2025-04-16T22:40:23.949Z"}
{"level":"error","message":"Internal server error","stack":"Error: Internal server error\n    at register (file:///G:/New%20folder/startup/server/api/controllers/auth.controller.js:72:14)","timestamp":"2025-04-16T22:40:34.015Z"}
{"level":"info","message":"Server running on port 3000","timestamp":"2025-04-16T22:41:51.519Z"}
{"level":"info","message":"Server running on port 3000","timestamp":"2025-04-16T22:42:03.499Z"}
{"level":"error","message":"Internal server error","stack":"Error: Internal server error\n    at register (file:///G:/New%20folder/startup/server/api/controllers/auth.controller.js:72:14)","timestamp":"2025-04-16T22:42:09.709Z"}
{"level":"info","message":"Server running on port 3000","timestamp":"2025-04-16T23:12:03.753Z"}
{"level":"error","message":"Internal server error","stack":"Error: Internal server error\n    at register (file:///G:/New%20folder/startup/server/api/controllers/auth.controller.js:72:14)","timestamp":"2025-04-16T23:13:35.839Z"}
{"level":"info","message":"Server running on port 3000","timestamp":"2025-04-16T23:14:18.653Z"}
{"level":"info","message":"Server running on port 3000","timestamp":"2025-04-16T23:14:25.031Z"}
{"level":"error","message":"Internal server error","stack":"Error: Internal server error\n    at register (file:///G:/New%20folder/startup/server/api/controllers/auth.controller.js:72:14)","timestamp":"2025-04-16T23:14:32.071Z"}
{"level":"info","message":"Server running on port 3000","timestamp":"2025-04-16T23:14:52.206Z"}
{"level":"info","message":"Server running on port 3000","timestamp":"2025-04-16T23:16:02.329Z"}
{"level":"error","message":"Internal server error","stack":"Error: Internal server error\n    at register (file:///G:/New%20folder/startup/server/api/controllers/auth.controller.js:72:14)","timestamp":"2025-04-16T23:16:08.453Z"}
{"level":"info","message":"Server running on port 3000","timestamp":"2025-04-16T23:16:21.208Z"}
{"level":"error","message":"Internal server error","stack":"Error: Internal server error\n    at register (file:///G:/New%20folder/startup/server/api/controllers/auth.controller.js:72:14)","timestamp":"2025-04-16T23:16:23.908Z"}
{"level":"info","message":"Server running on port 3000","timestamp":"2025-04-16T23:17:54.285Z"}
{"level":"info","message":"Server running on port 3000","timestamp":"2025-04-16T23:18:20.908Z"}
{"level":"error","message":"Internal server error","stack":"Error: Internal server error\n    at register (file:///G:/New%20folder/startup/server/api/controllers/auth.controller.js:72:14)","timestamp":"2025-04-16T23:18:53.242Z"}
{"level":"info","message":"Server running on port 3000","timestamp":"2025-04-16T23:22:14.642Z"}
{"level":"error","message":"Internal server error","stack":"Error: Internal server error\n    at register (file:///G:/New%20folder/startup/server/api/controllers/auth.controller.js:72:14)","timestamp":"2025-04-16T23:22:29.791Z"}
{"level":"info","message":"Server running on port 3000","timestamp":"2025-04-16T23:28:58.427Z"}
{"level":"info","message":"Server running on port 3000","timestamp":"2025-04-21T16:04:52.483Z"}
{"level":"error","message":"User already exists","stack":"Error: User already exists\n    at register (file:///G:/New%20folder/startup/server/api/controllers/auth.controller.js:22:19)","timestamp":"2025-04-21T16:04:53.534Z"}
{"level":"info","message":"Server running on port 3000","timestamp":"2025-04-21T16:17:17.445Z"}
{"level":"error","message":"Unexpected token } in JSON at position 69","stack":"SyntaxError: Unexpected token } in JSON at position 69\n    at JSON.parse (<anonymous>)\n    at parse (G:\\New folder\\startup\\node_modules\\body-parser\\lib\\types\\json.js:77:19)\n    at G:\\New folder\\startup\\node_modules\\body-parser\\lib\\read.js:123:18\n    at AsyncResource.runInAsyncScope (node:async_hooks:203:9)\n    at invokeCallback (G:\\New folder\\startup\\node_modules\\raw-body\\index.js:238:16)\n    at done (G:\\New folder\\startup\\node_modules\\raw-body\\index.js:227:7)\n    at IncomingMessage.onEnd (G:\\New folder\\startup\\node_modules\\raw-body\\index.js:287:7)\n    at IncomingMessage.emit (node:events:517:28)\n    at endReadableNT (node:internal/streams/readable:1400:12)\n    at process.processTicksAndRejections (node:internal/process/task_queues:82:21)","timestamp":"2025-04-21T16:19:38.776Z"}
{"level":"info","message":"Server running on port 3000","timestamp":"2025-04-21T16:38:58.232Z"}
{"level":"info","message":"Server running on port 3000","timestamp":"2025-04-21T16:41:34.452Z"}
{"level":"info","message":"Server running on port 3000","timestamp":"2025-04-21T16:42:28.303Z"}
{"level":"info","message":"Server running on port 3000","timestamp":"2025-04-21T16:42:36.536Z"}
{"level":"info","message":"Server running on port 3000","timestamp":"2025-04-21T16:42:58.632Z"}
{"level":"info","message":"Server running on port 3000","timestamp":"2025-04-21T17:09:52.140Z"}
{"level":"info","message":"Server running on port 3000","timestamp":"2025-04-21T17:10:22.097Z"}
{"level":"info","message":"Server running on port 3000","timestamp":"2025-04-21T17:23:42.105Z"}
{"level":"info","message":"Server running on port 3000","timestamp":"2025-04-21T17:26:51.750Z"}
{"level":"info","message":"Server running on port 3000","timestamp":"2025-04-21T17:28:14.645Z"}
{"level":"info","message":"Server running on port 3000","timestamp":"2025-04-21T17:28:52.216Z"}
{"level":"info","message":"Server running on port 3000","timestamp":"2025-04-21T17:42:48.044Z"}
{"level":"info","message":"Server running on port 3000","timestamp":"2025-04-21T17:43:30.477Z"}
{"level":"info","message":"Server running on port 3000","timestamp":"2025-04-21T17:44:30.679Z"}
{"level":"info","message":"Server running on port 3000","timestamp":"2025-04-21T17:45:02.931Z"}
{"level":"info","message":"Server running on port 3000","timestamp":"2025-04-21T18:49:18.678Z"}
{"level":"info","message":"Server running on port 3000","timestamp":"2025-04-21T18:51:16.065Z"}
{"level":"error","message":"token is not defined","stack":"ReferenceError: token is not defined\n    at login (file:///G:/New%20folder/startup/server/api/controllers/auth.controller.js:101:9)","timestamp":"2025-04-21T18:52:15.864Z"}
{"level":"info","message":"Server running on port 3000","timestamp":"2025-04-21T18:52:51.783Z"}
{"level":"info","message":"Server running on port 3000","timestamp":"2025-04-21T18:53:52.857Z"}
{"level":"info","message":"Server running on port 3000","timestamp":"2025-04-21T18:54:34.323Z"}
{"level":"info","message":"Server running on port 3000","timestamp":"2025-04-21T18:55:52.212Z"}
{"level":"info","message":"Server running on port 3000","timestamp":"2025-04-21T18:58:21.526Z"}
{"level":"info","message":"Server running on port 3000","timestamp":"2025-04-21T19:00:02.146Z"}
{"level":"info","message":"Server running on port 3000","timestamp":"2025-04-21T19:00:31.079Z"}
{"level":"info","message":"Server running on port 3000","timestamp":"2025-04-22T16:02:39.440Z"}
{"level":"info","message":"Server running on port 3000","timestamp":"2025-04-29T14:38:48.667Z"}
{"level":"error","message":"Unexpected token d in JSON at position 0","stack":"SyntaxError: Unexpected token d in JSON at position 0\n    at JSON.parse (<anonymous>)\n    at createStrictSyntaxError (G:\\New folder\\startup\\node_modules\\body-parser\\lib\\types\\json.js:156:10)\n    at parse (G:\\New folder\\startup\\node_modules\\body-parser\\lib\\types\\json.js:71:15)\n    at G:\\New folder\\startup\\node_modules\\body-parser\\lib\\read.js:123:18\n    at AsyncResource.runInAsyncScope (node:async_hooks:203:9)\n    at invokeCallback (G:\\New folder\\startup\\node_modules\\raw-body\\index.js:238:16)\n    at done (G:\\New folder\\startup\\node_modules\\raw-body\\index.js:227:7)\n    at IncomingMessage.onEnd (G:\\New folder\\startup\\node_modules\\raw-body\\index.js:287:7)\n    at IncomingMessage.emit (node:events:517:28)\n    at endReadableNT (node:internal/streams/readable:1400:12)","timestamp":"2025-04-29T14:43:01.926Z"}
{"level":"info","message":"Server running on port 3000","timestamp":"2025-04-29T14:46:25.285Z"}
{"level":"error","message":"Invalid or expired token","stack":"Error: Invalid or expired token\n    at authenticate (file:///G:/New%20folder/startup/server/middleware/auth.js:18:10)\n    at Layer.handleRequest (G:\\New folder\\startup\\node_modules\\router\\lib\\layer.js:152:17)\n    at next (G:\\New folder\\startup\\node_modules\\router\\lib\\route.js:157:13)\n    at Route.dispatch (G:\\New folder\\startup\\node_modules\\router\\lib\\route.js:117:3)\n    at handle (G:\\New folder\\startup\\node_modules\\router\\index.js:435:11)\n    at Layer.handleRequest (G:\\New folder\\startup\\node_modules\\router\\lib\\layer.js:152:17)\n    at G:\\New folder\\startup\\node_modules\\router\\index.js:295:15\n    at processParams (G:\\New folder\\startup\\node_modules\\router\\index.js:582:12)\n    at next (G:\\New folder\\startup\\node_modules\\router\\index.js:291:5)\n    at Function.handle (G:\\New folder\\startup\\node_modules\\router\\index.js:186:3)","timestamp":"2025-04-29T14:46:40.887Z"}
{"level":"error","message":"Invalid or expired token","stack":"Error: Invalid or expired token\n    at authenticate (file:///G:/New%20folder/startup/server/middleware/auth.js:18:10)\n    at Layer.handleRequest (G:\\New folder\\startup\\node_modules\\router\\lib\\layer.js:152:17)\n    at next (G:\\New folder\\startup\\node_modules\\router\\lib\\route.js:157:13)\n    at Route.dispatch (G:\\New folder\\startup\\node_modules\\router\\lib\\route.js:117:3)\n    at handle (G:\\New folder\\startup\\node_modules\\router\\index.js:435:11)\n    at Layer.handleRequest (G:\\New folder\\startup\\node_modules\\router\\lib\\layer.js:152:17)\n    at G:\\New folder\\startup\\node_modules\\router\\index.js:295:15\n    at processParams (G:\\New folder\\startup\\node_modules\\router\\index.js:582:12)\n    at next (G:\\New folder\\startup\\node_modules\\router\\index.js:291:5)\n    at Function.handle (G:\\New folder\\startup\\node_modules\\router\\index.js:186:3)","timestamp":"2025-04-29T14:47:24.451Z"}
{"level":"error","message":"\nInvalid `prisma.property.create()` invocation:\n\n{\n  data: {\n    title: \"Spacious Modern Villa in a Prime Location\",\n    description: \"This luxurious 4-bedroom villa features a private pool, landscaped garden, and modern interiors. Perfect for families seeking comfort and style.\",\n    price: 850000,\n    address: \"123 Palm Grove Avenue\",\n    city: \"Los Angeles\",\n    state: \"CA\",\n    zipCode: \"90001\",\n    country: \"INDIA\",\n    latitude: undefined,\n    longitude: undefined,\n    bedrooms: 4,\n    bathrooms: 3.5,\n    squareFeet: 3200,\n    lotSize: undefined,\n    yearBuilt: undefined,\n    propertyType: \"VILLA\",\n    listingType: \"FOR_SALE\",\n    ownerId: undefined,\n    features: {\n      create: []\n    },\n    priceHistory: {\n      create: {\n        price: 850000,\n        changeType: \"LISTED\"\n      }\n    },\n+   owner: {\n+     create: UserCreateWithoutPropertiesInput | UserUncheckedCreateWithoutPropertiesInput,\n+     connectOrCreate: UserCreateOrConnectWithoutPropertiesInput,\n+     connect: UserWhereUniqueInput\n+   }\n  }\n}\n\nArgument `owner` is missing.","stack":"PrismaClientValidationError: \nInvalid `prisma.property.create()` invocation:\n\n{\n  data: {\n    title: \"Spacious Modern Villa in a Prime Location\",\n    description: \"This luxurious 4-bedroom villa features a private pool, landscaped garden, and modern interiors. Perfect for families seeking comfort and style.\",\n    price: 850000,\n    address: \"123 Palm Grove Avenue\",\n    city: \"Los Angeles\",\n    state: \"CA\",\n    zipCode: \"90001\",\n    country: \"INDIA\",\n    latitude: undefined,\n    longitude: undefined,\n    bedrooms: 4,\n    bathrooms: 3.5,\n    squareFeet: 3200,\n    lotSize: undefined,\n    yearBuilt: undefined,\n    propertyType: \"VILLA\",\n    listingType: \"FOR_SALE\",\n    ownerId: undefined,\n    features: {\n      create: []\n    },\n    priceHistory: {\n      create: {\n        price: 850000,\n        changeType: \"LISTED\"\n      }\n    },\n+   owner: {\n+     create: UserCreateWithoutPropertiesInput | UserUncheckedCreateWithoutPropertiesInput,\n+     connectOrCreate: UserCreateOrConnectWithoutPropertiesInput,\n+     connect: UserWhereUniqueInput\n+   }\n  }\n}\n\nArgument `owner` is missing.\n    at An (G:\\New folder\\startup\\node_modules\\@prisma\\client\\runtime\\library.js:29:1363)\n    at zn.handleRequestError (G:\\New folder\\startup\\node_modules\\@prisma\\client\\runtime\\library.js:121:7102)\n    at zn.handleAndLogRequestError (G:\\New folder\\startup\\node_modules\\@prisma\\client\\runtime\\library.js:121:6784)\n    at zn.request (G:\\New folder\\startup\\node_modules\\@prisma\\client\\runtime\\library.js:121:6491)\n    at async l (G:\\New folder\\startup\\node_modules\\@prisma\\client\\runtime\\library.js:130:9778)\n    at async createProperty (file:///G:/New%20folder/startup/server/api/controllers/property.controller.js:146:22)","timestamp":"2025-04-29T14:52:23.274Z"}
{"level":"error","message":"Unexpected token } in JSON at position 776","stack":"SyntaxError: Unexpected token } in JSON at position 776\n    at JSON.parse (<anonymous>)\n    at parse (G:\\New folder\\startup\\node_modules\\body-parser\\lib\\types\\json.js:77:19)\n    at G:\\New folder\\startup\\node_modules\\body-parser\\lib\\read.js:123:18\n    at AsyncResource.runInAsyncScope (node:async_hooks:203:9)\n    at invokeCallback (G:\\New folder\\startup\\node_modules\\raw-body\\index.js:238:16)\n    at done (G:\\New folder\\startup\\node_modules\\raw-body\\index.js:227:7)\n    at IncomingMessage.onEnd (G:\\New folder\\startup\\node_modules\\raw-body\\index.js:287:7)\n    at IncomingMessage.emit (node:events:517:28)\n    at endReadableNT (node:internal/streams/readable:1400:12)\n    at process.processTicksAndRejections (node:internal/process/task_queues:82:21)","timestamp":"2025-04-29T15:01:58.358Z"}
{"level":"info","message":"Server running on port 3000","timestamp":"2025-04-29T15:02:27.599Z"}
{"level":"error","message":"Unexpected token } in JSON at position 776","stack":"SyntaxError: Unexpected token } in JSON at position 776\n    at JSON.parse (<anonymous>)\n    at parse (G:\\New folder\\startup\\node_modules\\body-parser\\lib\\types\\json.js:77:19)\n    at G:\\New folder\\startup\\node_modules\\body-parser\\lib\\read.js:123:18\n    at AsyncResource.runInAsyncScope (node:async_hooks:203:9)\n    at invokeCallback (G:\\New folder\\startup\\node_modules\\raw-body\\index.js:238:16)\n    at done (G:\\New folder\\startup\\node_modules\\raw-body\\index.js:227:7)\n    at IncomingMessage.onEnd (G:\\New folder\\startup\\node_modules\\raw-body\\index.js:287:7)\n    at IncomingMessage.emit (node:events:517:28)\n    at endReadableNT (node:internal/streams/readable:1400:12)\n    at process.processTicksAndRejections (node:internal/process/task_queues:82:21)","timestamp":"2025-04-29T15:02:34.180Z"}
{"level":"error","message":"Invalid property type","stack":"Error: Invalid property type\n    at file:///G:/New%20folder/startup/server/api/validators/index.js:13:14\n    at process.processTicksAndRejections (node:internal/process/task_queues:95:5)","timestamp":"2025-04-29T15:03:59.776Z"}
{"level":"error","message":"\nInvalid `prisma.property.create()` invocation:\n\n{\n  data: {\n    title: \"Elegant 3-Bedroom Family Home with Garden\",\n    description: \"A beautifully maintained home with spacious interiors, a lush backyard, and a newly renovated kitchen. Ideal for families looking for comfort and convenience.\",\n    price: 475000,\n    address: \"456 Maplewood Drive\",\n    city: \"Austin\",\n    state: \"TX\",\n    zipCode: \"78701\",\n    country: \"USA\",\n    latitude: 30.2672,\n    longitude: -97.7431,\n    bedrooms: 3,\n    bathrooms: 2,\n    squareFeet: 1800,\n    lotSize: 7400,\n    yearBuilt: 2005,\n    propertyType: \"APARTMENT\",\n    listingType: \"FOR_SALE\",\n    ownerId: undefined,\n    features: {\n      create: [\n        {\n          name: \"Fireplace\",\n          value: \"Gas\",\n          category: \"Interior\"\n        },\n        {\n          name: \"Garage\",\n          value: \"2 Car\",\n          category: \"Exterior\"\n        },\n        {\n          name: \"Backyard\",\n          value: \"Fenced\",\n          category: \"Exterior\"\n        }\n      ]\n    },\n    priceHistory: {\n      create: {\n        price: 475000,\n        changeType: \"LISTED\"\n      }\n    },\n+   owner: {\n+     create: UserCreateWithoutPropertiesInput | UserUncheckedCreateWithoutPropertiesInput,\n+     connectOrCreate: UserCreateOrConnectWithoutPropertiesInput,\n+     connect: UserWhereUniqueInput\n+   }\n  }\n}\n\nArgument `owner` is missing.","stack":"PrismaClientValidationError: \nInvalid `prisma.property.create()` invocation:\n\n{\n  data: {\n    title: \"Elegant 3-Bedroom Family Home with Garden\",\n    description: \"A beautifully maintained home with spacious interiors, a lush backyard, and a newly renovated kitchen. Ideal for families looking for comfort and convenience.\",\n    price: 475000,\n    address: \"456 Maplewood Drive\",\n    city: \"Austin\",\n    state: \"TX\",\n    zipCode: \"78701\",\n    country: \"USA\",\n    latitude: 30.2672,\n    longitude: -97.7431,\n    bedrooms: 3,\n    bathrooms: 2,\n    squareFeet: 1800,\n    lotSize: 7400,\n    yearBuilt: 2005,\n    propertyType: \"APARTMENT\",\n    listingType: \"FOR_SALE\",\n    ownerId: undefined,\n    features: {\n      create: [\n        {\n          name: \"Fireplace\",\n          value: \"Gas\",\n          category: \"Interior\"\n        },\n        {\n          name: \"Garage\",\n          value: \"2 Car\",\n          category: \"Exterior\"\n        },\n        {\n          name: \"Backyard\",\n          value: \"Fenced\",\n          category: \"Exterior\"\n        }\n      ]\n    },\n    priceHistory: {\n      create: {\n        price: 475000,\n        changeType: \"LISTED\"\n      }\n    },\n+   owner: {\n+     create: UserCreateWithoutPropertiesInput | UserUncheckedCreateWithoutPropertiesInput,\n+     connectOrCreate: UserCreateOrConnectWithoutPropertiesInput,\n+     connect: UserWhereUniqueInput\n+   }\n  }\n}\n\nArgument `owner` is missing.\n    at An (G:\\New folder\\startup\\node_modules\\@prisma\\client\\runtime\\library.js:29:1363)\n    at zn.handleRequestError (G:\\New folder\\startup\\node_modules\\@prisma\\client\\runtime\\library.js:121:7102)\n    at zn.handleAndLogRequestError (G:\\New folder\\startup\\node_modules\\@prisma\\client\\runtime\\library.js:121:6784)\n    at zn.request (G:\\New folder\\startup\\node_modules\\@prisma\\client\\runtime\\library.js:121:6491)\n    at async l (G:\\New folder\\startup\\node_modules\\@prisma\\client\\runtime\\library.js:130:9778)\n    at async createProperty (file:///G:/New%20folder/startup/server/api/controllers/property.controller.js:146:22)","timestamp":"2025-04-29T15:06:23.737Z"}
{"level":"info","message":"Server running on port 3000","timestamp":"2025-04-29T15:13:11.860Z"}
{"level":"info","message":"Server running on port 3000","timestamp":"2025-04-29T15:14:20.292Z"}
{"level":"info","message":"Server running on port 3000","timestamp":"2025-04-29T15:14:36.403Z"}
{"level":"error","message":"\nInvalid `prisma.property.create()` invocation:\n\n{\n  data: {\n    title: \"Elegant 3-Bedroom Family Home with Garden\",\n    description: \"A beautifully maintained home with spacious interiors, a lush backyard, and a newly renovated kitchen. Ideal for families looking for comfort and convenience.\",\n    price: 475000,\n    address: \"456 Maplewood Drive\",\n    city: \"Austin\",\n    state: \"TX\",\n    zipCode: \"78701\",\n    country: \"USA\",\n    latitude: 30.2672,\n    longitude: -97.7431,\n    bedrooms: 3,\n    bathrooms: 2,\n    squareFeet: 1800,\n    lotSize: 7400,\n    yearBuilt: 2005,\n    propertyType: \"APARTMENT\",\n    listingType: \"FOR_SALE\",\n    ownerId: undefined,\n    features: {\n      create: [\n        {\n          name: \"Fireplace\",\n          value: \"Gas\",\n          category: \"Interior\"\n        },\n        {\n          name: \"Garage\",\n          value: \"2 Car\",\n          category: \"Exterior\"\n        },\n        {\n          name: \"Backyard\",\n          value: \"Fenced\",\n          category: \"Exterior\"\n        }\n      ]\n    },\n    priceHistory: {\n      create: {\n        price: 475000,\n        changeType: \"LISTED\"\n      }\n    },\n+   owner: {\n+     create: UserCreateWithoutPropertiesInput | UserUncheckedCreateWithoutPropertiesInput,\n+     connectOrCreate: UserCreateOrConnectWithoutPropertiesInput,\n+     connect: UserWhereUniqueInput\n+   }\n  }\n}\n\nArgument `owner` is missing.","stack":"PrismaClientValidationError: \nInvalid `prisma.property.create()` invocation:\n\n{\n  data: {\n    title: \"Elegant 3-Bedroom Family Home with Garden\",\n    description: \"A beautifully maintained home with spacious interiors, a lush backyard, and a newly renovated kitchen. Ideal for families looking for comfort and convenience.\",\n    price: 475000,\n    address: \"456 Maplewood Drive\",\n    city: \"Austin\",\n    state: \"TX\",\n    zipCode: \"78701\",\n    country: \"USA\",\n    latitude: 30.2672,\n    longitude: -97.7431,\n    bedrooms: 3,\n    bathrooms: 2,\n    squareFeet: 1800,\n    lotSize: 7400,\n    yearBuilt: 2005,\n    propertyType: \"APARTMENT\",\n    listingType: \"FOR_SALE\",\n    ownerId: undefined,\n    features: {\n      create: [\n        {\n          name: \"Fireplace\",\n          value: \"Gas\",\n          category: \"Interior\"\n        },\n        {\n          name: \"Garage\",\n          value: \"2 Car\",\n          category: \"Exterior\"\n        },\n        {\n          name: \"Backyard\",\n          value: \"Fenced\",\n          category: \"Exterior\"\n        }\n      ]\n    },\n    priceHistory: {\n      create: {\n        price: 475000,\n        changeType: \"LISTED\"\n      }\n    },\n+   owner: {\n+     create: UserCreateWithoutPropertiesInput | UserUncheckedCreateWithoutPropertiesInput,\n+     connectOrCreate: UserCreateOrConnectWithoutPropertiesInput,\n+     connect: UserWhereUniqueInput\n+   }\n  }\n}\n\nArgument `owner` is missing.\n    at An (G:\\New folder\\startup\\node_modules\\@prisma\\client\\runtime\\library.js:29:1363)\n    at zn.handleRequestError (G:\\New folder\\startup\\node_modules\\@prisma\\client\\runtime\\library.js:121:7102)\n    at zn.handleAndLogRequestError (G:\\New folder\\startup\\node_modules\\@prisma\\client\\runtime\\library.js:121:6784)\n    at zn.request (G:\\New folder\\startup\\node_modules\\@prisma\\client\\runtime\\library.js:121:6491)\n    at async l (G:\\New folder\\startup\\node_modules\\@prisma\\client\\runtime\\library.js:130:9778)\n    at async createProperty (file:///G:/New%20folder/startup/server/api/controllers/property.controller.js:146:22)","timestamp":"2025-04-29T15:16:22.465Z"}
{"level":"info","message":"Server running on port 3000","timestamp":"2025-04-29T15:16:47.218Z"}
{"level":"error","message":"\nInvalid `prisma.property.create()` invocation:\n\n{\n  data: {\n    title: \"Elegant 3-Bedroom Family Home with Garden\",\n    description: \"A beautifully maintained home with spacious interiors, a lush backyard, and a newly renovated kitchen. Ideal for families looking for comfort and convenience.\",\n    price: 475000,\n    address: \"456 Maplewood Drive\",\n    city: \"Austin\",\n    state: \"TX\",\n    zipCode: \"78701\",\n    country: \"USA\",\n    latitude: 30.2672,\n    longitude: -97.7431,\n    bedrooms: 3,\n    bathrooms: 2,\n    squareFeet: 1800,\n    lotSize: 7400,\n    yearBuilt: 2005,\n    propertyType: \"APARTMENT\",\n    listingType: \"FOR_SALE\",\n    ownerId: undefined,\n    features: {\n      create: [\n        {\n          name: \"Fireplace\",\n          value: \"Gas\",\n          category: \"Interior\"\n        },\n        {\n          name: \"Garage\",\n          value: \"2 Car\",\n          category: \"Exterior\"\n        },\n        {\n          name: \"Backyard\",\n          value: \"Fenced\",\n          category: \"Exterior\"\n        }\n      ]\n    },\n    priceHistory: {\n      create: {\n        price: 475000,\n        changeType: \"LISTED\"\n      }\n    },\n+   owner: {\n+     create: UserCreateWithoutPropertiesInput | UserUncheckedCreateWithoutPropertiesInput,\n+     connectOrCreate: UserCreateOrConnectWithoutPropertiesInput,\n+     connect: UserWhereUniqueInput\n+   }\n  }\n}\n\nArgument `owner` is missing.","stack":"PrismaClientValidationError: \nInvalid `prisma.property.create()` invocation:\n\n{\n  data: {\n    title: \"Elegant 3-Bedroom Family Home with Garden\",\n    description: \"A beautifully maintained home with spacious interiors, a lush backyard, and a newly renovated kitchen. Ideal for families looking for comfort and convenience.\",\n    price: 475000,\n    address: \"456 Maplewood Drive\",\n    city: \"Austin\",\n    state: \"TX\",\n    zipCode: \"78701\",\n    country: \"USA\",\n    latitude: 30.2672,\n    longitude: -97.7431,\n    bedrooms: 3,\n    bathrooms: 2,\n    squareFeet: 1800,\n    lotSize: 7400,\n    yearBuilt: 2005,\n    propertyType: \"APARTMENT\",\n    listingType: \"FOR_SALE\",\n    ownerId: undefined,\n    features: {\n      create: [\n        {\n          name: \"Fireplace\",\n          value: \"Gas\",\n          category: \"Interior\"\n        },\n        {\n          name: \"Garage\",\n          value: \"2 Car\",\n          category: \"Exterior\"\n        },\n        {\n          name: \"Backyard\",\n          value: \"Fenced\",\n          category: \"Exterior\"\n        }\n      ]\n    },\n    priceHistory: {\n      create: {\n        price: 475000,\n        changeType: \"LISTED\"\n      }\n    },\n+   owner: {\n+     create: UserCreateWithoutPropertiesInput | UserUncheckedCreateWithoutPropertiesInput,\n+     connectOrCreate: UserCreateOrConnectWithoutPropertiesInput,\n+     connect: UserWhereUniqueInput\n+   }\n  }\n}\n\nArgument `owner` is missing.\n    at An (G:\\New folder\\startup\\node_modules\\@prisma\\client\\runtime\\library.js:29:1363)\n    at zn.handleRequestError (G:\\New folder\\startup\\node_modules\\@prisma\\client\\runtime\\library.js:121:7102)\n    at zn.handleAndLogRequestError (G:\\New folder\\startup\\node_modules\\@prisma\\client\\runtime\\library.js:121:6784)\n    at zn.request (G:\\New folder\\startup\\node_modules\\@prisma\\client\\runtime\\library.js:121:6491)\n    at async l (G:\\New folder\\startup\\node_modules\\@prisma\\client\\runtime\\library.js:130:9778)\n    at async createProperty (file:///G:/New%20folder/startup/server/api/controllers/property.controller.js:146:22)","timestamp":"2025-04-29T15:17:12.552Z"}
{"level":"info","message":"Server running on port 3000","timestamp":"2025-04-29T15:17:21.598Z"}
{"level":"error","message":"\nInvalid `prisma.property.create()` invocation:\n\n{\n  data: {\n    title: \"Elegant 3-Bedroom Family Home with Garden\",\n    description: \"A beautifully maintained home with spacious interiors, a lush backyard, and a newly renovated kitchen. Ideal for families looking for comfort and convenience.\",\n    price: 475000,\n    address: \"456 Maplewood Drive\",\n    city: \"Austin\",\n    state: \"TX\",\n    zipCode: \"78701\",\n    country: \"USA\",\n    latitude: 30.2672,\n    longitude: -97.7431,\n    bedrooms: 3,\n    bathrooms: 2,\n    squareFeet: 1800,\n    lotSize: 7400,\n    yearBuilt: 2005,\n    propertyType: \"APARTMENT\",\n    listingType: \"FOR_SALE\",\n    ownerId: undefined,\n    features: {\n      create: [\n        {\n          name: \"Fireplace\",\n          value: \"Gas\",\n          category: \"Interior\"\n        },\n        {\n          name: \"Garage\",\n          value: \"2 Car\",\n          category: \"Exterior\"\n        },\n        {\n          name: \"Backyard\",\n          value: \"Fenced\",\n          category: \"Exterior\"\n        }\n      ]\n    },\n    priceHistory: {\n      create: {\n        price: 475000,\n        changeType: \"LISTED\"\n      }\n    },\n+   owner: {\n+     create: UserCreateWithoutPropertiesInput | UserUncheckedCreateWithoutPropertiesInput,\n+     connectOrCreate: UserCreateOrConnectWithoutPropertiesInput,\n+     connect: UserWhereUniqueInput\n+   }\n  }\n}\n\nArgument `owner` is missing.","stack":"PrismaClientValidationError: \nInvalid `prisma.property.create()` invocation:\n\n{\n  data: {\n    title: \"Elegant 3-Bedroom Family Home with Garden\",\n    description: \"A beautifully maintained home with spacious interiors, a lush backyard, and a newly renovated kitchen. Ideal for families looking for comfort and convenience.\",\n    price: 475000,\n    address: \"456 Maplewood Drive\",\n    city: \"Austin\",\n    state: \"TX\",\n    zipCode: \"78701\",\n    country: \"USA\",\n    latitude: 30.2672,\n    longitude: -97.7431,\n    bedrooms: 3,\n    bathrooms: 2,\n    squareFeet: 1800,\n    lotSize: 7400,\n    yearBuilt: 2005,\n    propertyType: \"APARTMENT\",\n    listingType: \"FOR_SALE\",\n    ownerId: undefined,\n    features: {\n      create: [\n        {\n          name: \"Fireplace\",\n          value: \"Gas\",\n          category: \"Interior\"\n        },\n        {\n          name: \"Garage\",\n          value: \"2 Car\",\n          category: \"Exterior\"\n        },\n        {\n          name: \"Backyard\",\n          value: \"Fenced\",\n          category: \"Exterior\"\n        }\n      ]\n    },\n    priceHistory: {\n      create: {\n        price: 475000,\n        changeType: \"LISTED\"\n      }\n    },\n+   owner: {\n+     create: UserCreateWithoutPropertiesInput | UserUncheckedCreateWithoutPropertiesInput,\n+     connectOrCreate: UserCreateOrConnectWithoutPropertiesInput,\n+     connect: UserWhereUniqueInput\n+   }\n  }\n}\n\nArgument `owner` is missing.\n    at An (G:\\New folder\\startup\\node_modules\\@prisma\\client\\runtime\\library.js:29:1363)\n    at zn.handleRequestError (G:\\New folder\\startup\\node_modules\\@prisma\\client\\runtime\\library.js:121:7102)\n    at zn.handleAndLogRequestError (G:\\New folder\\startup\\node_modules\\@prisma\\client\\runtime\\library.js:121:6784)\n    at zn.request (G:\\New folder\\startup\\node_modules\\@prisma\\client\\runtime\\library.js:121:6491)\n    at async l (G:\\New folder\\startup\\node_modules\\@prisma\\client\\runtime\\library.js:130:9778)\n    at async createProperty (file:///G:/New%20folder/startup/server/api/controllers/property.controller.js:146:22)","timestamp":"2025-04-29T15:17:30.536Z"}
{"level":"info","message":"Server running on port 3000","timestamp":"2025-04-29T15:21:51.091Z"}
{"level":"error","message":"\nInvalid `prisma.property.create()` invocation:\n\n{\n  data: {\n    title: \"Elegant 3-Bedroom Family Home with Garden\",\n    description: \"A beautifully maintained home with spacious interiors, a lush backyard, and a newly renovated kitchen. Ideal for families looking for comfort and convenience.\",\n    price: 475000,\n    address: \"456 Maplewood Drive\",\n    city: \"Austin\",\n    state: \"TX\",\n    zipCode: \"78701\",\n    country: \"USA\",\n    latitude: 30.2672,\n    longitude: -97.7431,\n    bedrooms: 3,\n    bathrooms: 2,\n    squareFeet: 1800,\n    lotSize: 7400,\n    yearBuilt: 2005,\n    propertyType: \"APARTMENT\",\n    listingType: \"FOR_SALE\",\n    ownerId: undefined,\n    features: {\n      create: [\n        {\n          name: \"Fireplace\",\n          value: \"Gas\",\n          category: \"Interior\"\n        },\n        {\n          name: \"Garage\",\n          value: \"2 Car\",\n          category: \"Exterior\"\n        },\n        {\n          name: \"Backyard\",\n          value: \"Fenced\",\n          category: \"Exterior\"\n        }\n      ]\n    },\n    priceHistory: {\n      create: {\n        price: 475000,\n        changeType: \"LISTED\"\n      }\n    },\n+   owner: {\n+     create: UserCreateWithoutPropertiesInput | UserUncheckedCreateWithoutPropertiesInput,\n+     connectOrCreate: UserCreateOrConnectWithoutPropertiesInput,\n+     connect: UserWhereUniqueInput\n+   }\n  }\n}\n\nArgument `owner` is missing.","stack":"PrismaClientValidationError: \nInvalid `prisma.property.create()` invocation:\n\n{\n  data: {\n    title: \"Elegant 3-Bedroom Family Home with Garden\",\n    description: \"A beautifully maintained home with spacious interiors, a lush backyard, and a newly renovated kitchen. Ideal for families looking for comfort and convenience.\",\n    price: 475000,\n    address: \"456 Maplewood Drive\",\n    city: \"Austin\",\n    state: \"TX\",\n    zipCode: \"78701\",\n    country: \"USA\",\n    latitude: 30.2672,\n    longitude: -97.7431,\n    bedrooms: 3,\n    bathrooms: 2,\n    squareFeet: 1800,\n    lotSize: 7400,\n    yearBuilt: 2005,\n    propertyType: \"APARTMENT\",\n    listingType: \"FOR_SALE\",\n    ownerId: undefined,\n    features: {\n      create: [\n        {\n          name: \"Fireplace\",\n          value: \"Gas\",\n          category: \"Interior\"\n        },\n        {\n          name: \"Garage\",\n          value: \"2 Car\",\n          category: \"Exterior\"\n        },\n        {\n          name: \"Backyard\",\n          value: \"Fenced\",\n          category: \"Exterior\"\n        }\n      ]\n    },\n    priceHistory: {\n      create: {\n        price: 475000,\n        changeType: \"LISTED\"\n      }\n    },\n+   owner: {\n+     create: UserCreateWithoutPropertiesInput | UserUncheckedCreateWithoutPropertiesInput,\n+     connectOrCreate: UserCreateOrConnectWithoutPropertiesInput,\n+     connect: UserWhereUniqueInput\n+   }\n  }\n}\n\nArgument `owner` is missing.\n    at An (G:\\New folder\\startup\\node_modules\\@prisma\\client\\runtime\\library.js:29:1363)\n    at zn.handleRequestError (G:\\New folder\\startup\\node_modules\\@prisma\\client\\runtime\\library.js:121:7102)\n    at zn.handleAndLogRequestError (G:\\New folder\\startup\\node_modules\\@prisma\\client\\runtime\\library.js:121:6784)\n    at zn.request (G:\\New folder\\startup\\node_modules\\@prisma\\client\\runtime\\library.js:121:6491)\n    at async l (G:\\New folder\\startup\\node_modules\\@prisma\\client\\runtime\\library.js:130:9778)\n    at async createProperty (file:///G:/New%20folder/startup/server/api/controllers/property.controller.js:146:22)","timestamp":"2025-04-29T15:22:11.304Z"}
{"level":"info","message":"Server running on port 3000","timestamp":"2025-04-29T15:23:07.744Z"}
{"level":"error","message":"\nInvalid `prisma.property.create()` invocation:\n\n{\n  data: {\n    title: \"Elegant 3-Bedroom Family Home with Garden\",\n    description: \"A beautifully maintained home with spacious interiors, a lush backyard, and a newly renovated kitchen. Ideal for families looking for comfort and convenience.\",\n    price: 475000,\n    address: \"456 Maplewood Drive\",\n    city: \"Austin\",\n    state: \"TX\",\n    zipCode: \"78701\",\n    country: \"USA\",\n    latitude: 30.2672,\n    longitude: -97.7431,\n    bedrooms: 3,\n    bathrooms: 2,\n    squareFeet: 1800,\n    lotSize: 7400,\n    yearBuilt: 2005,\n    propertyType: \"APARTMENT\",\n    listingType: \"FOR_SALE\",\n    ownerId: undefined,\n    features: {\n      create: [\n        {\n          name: \"Fireplace\",\n          value: \"Gas\",\n          category: \"Interior\"\n        },\n        {\n          name: \"Garage\",\n          value: \"2 Car\",\n          category: \"Exterior\"\n        },\n        {\n          name: \"Backyard\",\n          value: \"Fenced\",\n          category: \"Exterior\"\n        }\n      ]\n    },\n    priceHistory: {\n      create: {\n        price: 475000,\n        changeType: \"LISTED\"\n      }\n    },\n+   owner: {\n+     create: UserCreateWithoutPropertiesInput | UserUncheckedCreateWithoutPropertiesInput,\n+     connectOrCreate: UserCreateOrConnectWithoutPropertiesInput,\n+     connect: UserWhereUniqueInput\n+   }\n  }\n}\n\nArgument `owner` is missing.","stack":"PrismaClientValidationError: \nInvalid `prisma.property.create()` invocation:\n\n{\n  data: {\n    title: \"Elegant 3-Bedroom Family Home with Garden\",\n    description: \"A beautifully maintained home with spacious interiors, a lush backyard, and a newly renovated kitchen. Ideal for families looking for comfort and convenience.\",\n    price: 475000,\n    address: \"456 Maplewood Drive\",\n    city: \"Austin\",\n    state: \"TX\",\n    zipCode: \"78701\",\n    country: \"USA\",\n    latitude: 30.2672,\n    longitude: -97.7431,\n    bedrooms: 3,\n    bathrooms: 2,\n    squareFeet: 1800,\n    lotSize: 7400,\n    yearBuilt: 2005,\n    propertyType: \"APARTMENT\",\n    listingType: \"FOR_SALE\",\n    ownerId: undefined,\n    features: {\n      create: [\n        {\n          name: \"Fireplace\",\n          value: \"Gas\",\n          category: \"Interior\"\n        },\n        {\n          name: \"Garage\",\n          value: \"2 Car\",\n          category: \"Exterior\"\n        },\n        {\n          name: \"Backyard\",\n          value: \"Fenced\",\n          category: \"Exterior\"\n        }\n      ]\n    },\n    priceHistory: {\n      create: {\n        price: 475000,\n        changeType: \"LISTED\"\n      }\n    },\n+   owner: {\n+     create: UserCreateWithoutPropertiesInput | UserUncheckedCreateWithoutPropertiesInput,\n+     connectOrCreate: UserCreateOrConnectWithoutPropertiesInput,\n+     connect: UserWhereUniqueInput\n+   }\n  }\n}\n\nArgument `owner` is missing.\n    at An (G:\\New folder\\startup\\node_modules\\@prisma\\client\\runtime\\library.js:29:1363)\n    at zn.handleRequestError (G:\\New folder\\startup\\node_modules\\@prisma\\client\\runtime\\library.js:121:7102)\n    at zn.handleAndLogRequestError (G:\\New folder\\startup\\node_modules\\@prisma\\client\\runtime\\library.js:121:6784)\n    at zn.request (G:\\New folder\\startup\\node_modules\\@prisma\\client\\runtime\\library.js:121:6491)\n    at async l (G:\\New folder\\startup\\node_modules\\@prisma\\client\\runtime\\library.js:130:9778)\n    at async createProperty (file:///G:/New%20folder/startup/server/api/controllers/property.controller.js:146:22)","timestamp":"2025-04-29T15:23:12.640Z"}
{"level":"error","message":"\nInvalid `prisma.property.create()` invocation:\n\n{\n  data: {\n    title: \"Elegant 3-Bedroom Family Home with Garden\",\n    description: \"A beautifully maintained home with spacious interiors, a lush backyard, and a newly renovated kitchen. Ideal for families looking for comfort and convenience.\",\n    price: 475000,\n    address: \"456 Maplewood Drive\",\n    city: \"Austin\",\n    state: \"TX\",\n    zipCode: \"78701\",\n    country: \"USA\",\n    latitude: 30.2672,\n    longitude: -97.7431,\n    bedrooms: 3,\n    bathrooms: 2,\n    squareFeet: 1800,\n    lotSize: 7400,\n    yearBuilt: 2005,\n    propertyType: \"APARTMENT\",\n    listingType: \"FOR_SALE\",\n    ownerId: undefined,\n    features: {\n      create: [\n        {\n          name: \"Fireplace\",\n          value: \"Gas\",\n          category: \"Interior\"\n        },\n        {\n          name: \"Garage\",\n          value: \"2 Car\",\n          category: \"Exterior\"\n        },\n        {\n          name: \"Backyard\",\n          value: \"Fenced\",\n          category: \"Exterior\"\n        }\n      ]\n    },\n    priceHistory: {\n      create: {\n        price: 475000,\n        changeType: \"LISTED\"\n      }\n    },\n+   owner: {\n+     create: UserCreateWithoutPropertiesInput | UserUncheckedCreateWithoutPropertiesInput,\n+     connectOrCreate: UserCreateOrConnectWithoutPropertiesInput,\n+     connect: UserWhereUniqueInput\n+   }\n  }\n}\n\nArgument `owner` is missing.","stack":"PrismaClientValidationError: \nInvalid `prisma.property.create()` invocation:\n\n{\n  data: {\n    title: \"Elegant 3-Bedroom Family Home with Garden\",\n    description: \"A beautifully maintained home with spacious interiors, a lush backyard, and a newly renovated kitchen. Ideal for families looking for comfort and convenience.\",\n    price: 475000,\n    address: \"456 Maplewood Drive\",\n    city: \"Austin\",\n    state: \"TX\",\n    zipCode: \"78701\",\n    country: \"USA\",\n    latitude: 30.2672,\n    longitude: -97.7431,\n    bedrooms: 3,\n    bathrooms: 2,\n    squareFeet: 1800,\n    lotSize: 7400,\n    yearBuilt: 2005,\n    propertyType: \"APARTMENT\",\n    listingType: \"FOR_SALE\",\n    ownerId: undefined,\n    features: {\n      create: [\n        {\n          name: \"Fireplace\",\n          value: \"Gas\",\n          category: \"Interior\"\n        },\n        {\n          name: \"Garage\",\n          value: \"2 Car\",\n          category: \"Exterior\"\n        },\n        {\n          name: \"Backyard\",\n          value: \"Fenced\",\n          category: \"Exterior\"\n        }\n      ]\n    },\n    priceHistory: {\n      create: {\n        price: 475000,\n        changeType: \"LISTED\"\n      }\n    },\n+   owner: {\n+     create: UserCreateWithoutPropertiesInput | UserUncheckedCreateWithoutPropertiesInput,\n+     connectOrCreate: UserCreateOrConnectWithoutPropertiesInput,\n+     connect: UserWhereUniqueInput\n+   }\n  }\n}\n\nArgument `owner` is missing.\n    at An (G:\\New folder\\startup\\node_modules\\@prisma\\client\\runtime\\library.js:29:1363)\n    at zn.handleRequestError (G:\\New folder\\startup\\node_modules\\@prisma\\client\\runtime\\library.js:121:7102)\n    at zn.handleAndLogRequestError (G:\\New folder\\startup\\node_modules\\@prisma\\client\\runtime\\library.js:121:6784)\n    at zn.request (G:\\New folder\\startup\\node_modules\\@prisma\\client\\runtime\\library.js:121:6491)\n    at async l (G:\\New folder\\startup\\node_modules\\@prisma\\client\\runtime\\library.js:130:9778)\n    at async createProperty (file:///G:/New%20folder/startup/server/api/controllers/property.controller.js:146:22)","timestamp":"2025-04-29T15:23:35.153Z"}
{"level":"info","message":"Server running on port 3000","timestamp":"2025-04-29T15:23:54.263Z"}
{"level":"error","message":"\nInvalid `prisma.property.create()` invocation:\n\n{\n  data: {\n    title: \"Elegant 3-Bedroom Family Home with Garden\",\n    description: \"A beautifully maintained home with spacious interiors, a lush backyard, and a newly renovated kitchen. Ideal for families looking for comfort and convenience.\",\n    price: 475000,\n    address: \"456 Maplewood Drive\",\n    city: \"Austin\",\n    state: \"TX\",\n    zipCode: \"78701\",\n    country: \"USA\",\n    latitude: 30.2672,\n    longitude: -97.7431,\n    bedrooms: 3,\n    bathrooms: 2,\n    squareFeet: 1800,\n    lotSize: 7400,\n    yearBuilt: 2005,\n    propertyType: \"APARTMENT\",\n    listingType: \"FOR_SALE\",\n    ownerId: undefined,\n    features: {\n      create: [\n        {\n          name: \"Fireplace\",\n          value: \"Gas\",\n          category: \"Interior\"\n        },\n        {\n          name: \"Garage\",\n          value: \"2 Car\",\n          category: \"Exterior\"\n        },\n        {\n          name: \"Backyard\",\n          value: \"Fenced\",\n          category: \"Exterior\"\n        }\n      ]\n    },\n    priceHistory: {\n      create: {\n        price: 475000,\n        changeType: \"LISTED\"\n      }\n    },\n+   owner: {\n+     create: UserCreateWithoutPropertiesInput | UserUncheckedCreateWithoutPropertiesInput,\n+     connectOrCreate: UserCreateOrConnectWithoutPropertiesInput,\n+     connect: UserWhereUniqueInput\n+   }\n  }\n}\n\nArgument `owner` is missing.","stack":"PrismaClientValidationError: \nInvalid `prisma.property.create()` invocation:\n\n{\n  data: {\n    title: \"Elegant 3-Bedroom Family Home with Garden\",\n    description: \"A beautifully maintained home with spacious interiors, a lush backyard, and a newly renovated kitchen. Ideal for families looking for comfort and convenience.\",\n    price: 475000,\n    address: \"456 Maplewood Drive\",\n    city: \"Austin\",\n    state: \"TX\",\n    zipCode: \"78701\",\n    country: \"USA\",\n    latitude: 30.2672,\n    longitude: -97.7431,\n    bedrooms: 3,\n    bathrooms: 2,\n    squareFeet: 1800,\n    lotSize: 7400,\n    yearBuilt: 2005,\n    propertyType: \"APARTMENT\",\n    listingType: \"FOR_SALE\",\n    ownerId: undefined,\n    features: {\n      create: [\n        {\n          name: \"Fireplace\",\n          value: \"Gas\",\n          category: \"Interior\"\n        },\n        {\n          name: \"Garage\",\n          value: \"2 Car\",\n          category: \"Exterior\"\n        },\n        {\n          name: \"Backyard\",\n          value: \"Fenced\",\n          category: \"Exterior\"\n        }\n      ]\n    },\n    priceHistory: {\n      create: {\n        price: 475000,\n        changeType: \"LISTED\"\n      }\n    },\n+   owner: {\n+     create: UserCreateWithoutPropertiesInput | UserUncheckedCreateWithoutPropertiesInput,\n+     connectOrCreate: UserCreateOrConnectWithoutPropertiesInput,\n+     connect: UserWhereUniqueInput\n+   }\n  }\n}\n\nArgument `owner` is missing.\n    at An (G:\\New folder\\startup\\node_modules\\@prisma\\client\\runtime\\library.js:29:1363)\n    at zn.handleRequestError (G:\\New folder\\startup\\node_modules\\@prisma\\client\\runtime\\library.js:121:7102)\n    at zn.handleAndLogRequestError (G:\\New folder\\startup\\node_modules\\@prisma\\client\\runtime\\library.js:121:6784)\n    at zn.request (G:\\New folder\\startup\\node_modules\\@prisma\\client\\runtime\\library.js:121:6491)\n    at async l (G:\\New folder\\startup\\node_modules\\@prisma\\client\\runtime\\library.js:130:9778)\n    at async createProperty (file:///G:/New%20folder/startup/server/api/controllers/property.controller.js:146:22)","timestamp":"2025-04-29T15:23:56.941Z"}
{"level":"info","message":"Server running on port 3000","timestamp":"2025-04-29T15:27:27.483Z"}
{"level":"error","message":"Invalid or expired token","stack":"Error: Invalid or expired token\n    at authenticate (file:///G:/New%20folder/startup/server/middleware/auth.js:18:10)\n    at Layer.handleRequest (G:\\New folder\\startup\\node_modules\\router\\lib\\layer.js:152:17)\n    at next (G:\\New folder\\startup\\node_modules\\router\\lib\\route.js:157:13)\n    at Route.dispatch (G:\\New folder\\startup\\node_modules\\router\\lib\\route.js:117:3)\n    at handle (G:\\New folder\\startup\\node_modules\\router\\index.js:435:11)\n    at Layer.handleRequest (G:\\New folder\\startup\\node_modules\\router\\lib\\layer.js:152:17)\n    at G:\\New folder\\startup\\node_modules\\router\\index.js:295:15\n    at processParams (G:\\New folder\\startup\\node_modules\\router\\index.js:582:12)\n    at next (G:\\New folder\\startup\\node_modules\\router\\index.js:291:5)\n    at Function.handle (G:\\New folder\\startup\\node_modules\\router\\index.js:186:3)","timestamp":"2025-04-29T15:28:21.775Z"}
{"level":"error","message":"Invalid or expired token","stack":"Error: Invalid or expired token\n    at authenticate (file:///G:/New%20folder/startup/server/middleware/auth.js:18:10)\n    at Layer.handleRequest (G:\\New folder\\startup\\node_modules\\router\\lib\\layer.js:152:17)\n    at next (G:\\New folder\\startup\\node_modules\\router\\lib\\route.js:157:13)\n    at Route.dispatch (G:\\New folder\\startup\\node_modules\\router\\lib\\route.js:117:3)\n    at handle (G:\\New folder\\startup\\node_modules\\router\\index.js:435:11)\n    at Layer.handleRequest (G:\\New folder\\startup\\node_modules\\router\\lib\\layer.js:152:17)\n    at G:\\New folder\\startup\\node_modules\\router\\index.js:295:15\n    at processParams (G:\\New folder\\startup\\node_modules\\router\\index.js:582:12)\n    at next (G:\\New folder\\startup\\node_modules\\router\\index.js:291:5)\n    at Function.handle (G:\\New folder\\startup\\node_modules\\router\\index.js:186:3)","timestamp":"2025-04-29T15:35:19.502Z"}
{"level":"info","message":"Server running on port 3000","timestamp":"2025-04-29T15:42:10.710Z"}
{"level":"info","message":"Server running on port 3000","timestamp":"2025-04-29T15:42:49.471Z"}
{"level":"error","message":"Invalid or expired token","stack":"Error: Invalid or expired token\n    at authenticate (file:///G:/New%20folder/startup/server/middleware/auth.js:17:10)\n    at Layer.handleRequest (G:\\New folder\\startup\\node_modules\\router\\lib\\layer.js:152:17)\n    at next (G:\\New folder\\startup\\node_modules\\router\\lib\\route.js:157:13)\n    at Route.dispatch (G:\\New folder\\startup\\node_modules\\router\\lib\\route.js:117:3)\n    at handle (G:\\New folder\\startup\\node_modules\\router\\index.js:435:11)\n    at Layer.handleRequest (G:\\New folder\\startup\\node_modules\\router\\lib\\layer.js:152:17)\n    at G:\\New folder\\startup\\node_modules\\router\\index.js:295:15\n    at processParams (G:\\New folder\\startup\\node_modules\\router\\index.js:582:12)\n    at next (G:\\New folder\\startup\\node_modules\\router\\index.js:291:5)\n    at Function.handle (G:\\New folder\\startup\\node_modules\\router\\index.js:186:3)","timestamp":"2025-04-29T15:42:53.448Z"}
{"level":"info","message":"Server running on port 3000","timestamp":"2025-04-29T15:44:10.079Z"}
{"level":"error","message":"Invalid or expired token","stack":"Error: Invalid or expired token\n    at authenticate (file:///G:/New%20folder/startup/server/middleware/auth.js:19:10)\n    at Layer.handleRequest (G:\\New folder\\startup\\node_modules\\router\\lib\\layer.js:152:17)\n    at next (G:\\New folder\\startup\\node_modules\\router\\lib\\route.js:157:13)\n    at Route.dispatch (G:\\New folder\\startup\\node_modules\\router\\lib\\route.js:117:3)\n    at handle (G:\\New folder\\startup\\node_modules\\router\\index.js:435:11)\n    at Layer.handleRequest (G:\\New folder\\startup\\node_modules\\router\\lib\\layer.js:152:17)\n    at G:\\New folder\\startup\\node_modules\\router\\index.js:295:15\n    at processParams (G:\\New folder\\startup\\node_modules\\router\\index.js:582:12)\n    at next (G:\\New folder\\startup\\node_modules\\router\\index.js:291:5)\n    at Function.handle (G:\\New folder\\startup\\node_modules\\router\\index.js:186:3)","timestamp":"2025-04-29T15:44:28.750Z"}
{"level":"info","message":"Server running on port 3000","timestamp":"2025-04-29T16:06:26.542Z"}
{"level":"info","message":"Server running on port 3000","timestamp":"2025-04-29T16:06:55.831Z"}
{"level":"info","message":"Server running on port 3000","timestamp":"2025-04-29T16:07:02.623Z"}
{"level":"error","message":"Invalid or expired token","stack":"Error: Invalid or expired token\n    at authenticate (file:///G:/New%20folder/startup/server/middleware/auth.js:19:10)\n    at Layer.handleRequest (G:\\New folder\\startup\\node_modules\\router\\lib\\layer.js:152:17)\n    at next (G:\\New folder\\startup\\node_modules\\router\\lib\\route.js:157:13)\n    at Route.dispatch (G:\\New folder\\startup\\node_modules\\router\\lib\\route.js:117:3)\n    at handle (G:\\New folder\\startup\\node_modules\\router\\index.js:435:11)\n    at Layer.handleRequest (G:\\New folder\\startup\\node_modules\\router\\lib\\layer.js:152:17)\n    at G:\\New folder\\startup\\node_modules\\router\\index.js:295:15\n    at processParams (G:\\New folder\\startup\\node_modules\\router\\index.js:582:12)\n    at next (G:\\New folder\\startup\\node_modules\\router\\index.js:291:5)\n    at Function.handle (G:\\New folder\\startup\\node_modules\\router\\index.js:186:3)","timestamp":"2025-04-29T16:07:32.662Z"}
{"level":"info","message":"Server running on port 3000","timestamp":"2025-04-29T16:09:33.807Z"}
{"level":"error","message":"Invalid or expired token","stack":"Error: Invalid or expired token\n    at authenticate (file:///G:/New%20folder/startup/server/middleware/auth.js:19:10)\n    at Layer.handleRequest (G:\\New folder\\startup\\node_modules\\router\\lib\\layer.js:152:17)\n    at next (G:\\New folder\\startup\\node_modules\\router\\lib\\route.js:157:13)\n    at Route.dispatch (G:\\New folder\\startup\\node_modules\\router\\lib\\route.js:117:3)\n    at handle (G:\\New folder\\startup\\node_modules\\router\\index.js:435:11)\n    at Layer.handleRequest (G:\\New folder\\startup\\node_modules\\router\\lib\\layer.js:152:17)\n    at G:\\New folder\\startup\\node_modules\\router\\index.js:295:15\n    at processParams (G:\\New folder\\startup\\node_modules\\router\\index.js:582:12)\n    at next (G:\\New folder\\startup\\node_modules\\router\\index.js:291:5)\n    at Function.handle (G:\\New folder\\startup\\node_modules\\router\\index.js:186:3)","timestamp":"2025-04-29T16:09:38.366Z"}
{"level":"info","message":"Server running on port 3000","timestamp":"2025-04-29T16:10:27.534Z"}
{"level":"info","message":"Server running on port 3000","timestamp":"2025-04-29T16:12:02.122Z"}
{"level":"error","message":"Invalid or expired token","stack":"Error: Invalid or expired token\n    at authenticate (file:///G:/New%20folder/startup/server/middleware/auth.js:20:10)\n    at Layer.handleRequest (G:\\New folder\\startup\\node_modules\\router\\lib\\layer.js:152:17)\n    at next (G:\\New folder\\startup\\node_modules\\router\\lib\\route.js:157:13)\n    at Route.dispatch (G:\\New folder\\startup\\node_modules\\router\\lib\\route.js:117:3)\n    at handle (G:\\New folder\\startup\\node_modules\\router\\index.js:435:11)\n    at Layer.handleRequest (G:\\New folder\\startup\\node_modules\\router\\lib\\layer.js:152:17)\n    at G:\\New folder\\startup\\node_modules\\router\\index.js:295:15\n    at processParams (G:\\New folder\\startup\\node_modules\\router\\index.js:582:12)\n    at next (G:\\New folder\\startup\\node_modules\\router\\index.js:291:5)\n    at Function.handle (G:\\New folder\\startup\\node_modules\\router\\index.js:186:3)","timestamp":"2025-04-29T16:12:05.258Z"}
{"level":"error","message":"Invalid or expired token","stack":"Error: Invalid or expired token\n    at authenticate (file:///G:/New%20folder/startup/server/middleware/auth.js:20:10)\n    at Layer.handleRequest (G:\\New folder\\startup\\node_modules\\router\\lib\\layer.js:152:17)\n    at next (G:\\New folder\\startup\\node_modules\\router\\lib\\route.js:157:13)\n    at Route.dispatch (G:\\New folder\\startup\\node_modules\\router\\lib\\route.js:117:3)\n    at handle (G:\\New folder\\startup\\node_modules\\router\\index.js:435:11)\n    at Layer.handleRequest (G:\\New folder\\startup\\node_modules\\router\\lib\\layer.js:152:17)\n    at G:\\New folder\\startup\\node_modules\\router\\index.js:295:15\n    at processParams (G:\\New folder\\startup\\node_modules\\router\\index.js:582:12)\n    at next (G:\\New folder\\startup\\node_modules\\router\\index.js:291:5)\n    at Function.handle (G:\\New folder\\startup\\node_modules\\router\\index.js:186:3)","timestamp":"2025-04-29T16:13:31.715Z"}
{"level":"info","message":"Server running on port 3000","timestamp":"2025-04-29T16:15:17.701Z"}
{"level":"error","message":"Invalid or expired token","stack":"Error: Invalid or expired token\n    at authenticate (file:///G:/New%20folder/startup/server/middleware/auth.js:20:10)\n    at Layer.handleRequest (G:\\New folder\\startup\\node_modules\\router\\lib\\layer.js:152:17)\n    at next (G:\\New folder\\startup\\node_modules\\router\\lib\\route.js:157:13)\n    at Route.dispatch (G:\\New folder\\startup\\node_modules\\router\\lib\\route.js:117:3)\n    at handle (G:\\New folder\\startup\\node_modules\\router\\index.js:435:11)\n    at Layer.handleRequest (G:\\New folder\\startup\\node_modules\\router\\lib\\layer.js:152:17)\n    at G:\\New folder\\startup\\node_modules\\router\\index.js:295:15\n    at processParams (G:\\New folder\\startup\\node_modules\\router\\index.js:582:12)\n    at next (G:\\New folder\\startup\\node_modules\\router\\index.js:291:5)\n    at Function.handle (G:\\New folder\\startup\\node_modules\\router\\index.js:186:3)","timestamp":"2025-04-29T16:15:25.961Z"}
{"level":"error","message":"Invalid or expired token","stack":"Error: Invalid or expired token\n    at authenticate (file:///G:/New%20folder/startup/server/middleware/auth.js:20:10)\n    at Layer.handleRequest (G:\\New folder\\startup\\node_modules\\router\\lib\\layer.js:152:17)\n    at next (G:\\New folder\\startup\\node_modules\\router\\lib\\route.js:157:13)\n    at Route.dispatch (G:\\New folder\\startup\\node_modules\\router\\lib\\route.js:117:3)\n    at handle (G:\\New folder\\startup\\node_modules\\router\\index.js:435:11)\n    at Layer.handleRequest (G:\\New folder\\startup\\node_modules\\router\\lib\\layer.js:152:17)\n    at G:\\New folder\\startup\\node_modules\\router\\index.js:295:15\n    at processParams (G:\\New folder\\startup\\node_modules\\router\\index.js:582:12)\n    at next (G:\\New folder\\startup\\node_modules\\router\\index.js:291:5)\n    at Function.handle (G:\\New folder\\startup\\node_modules\\router\\index.js:186:3)","timestamp":"2025-04-29T16:15:47.888Z"}
{"level":"info","message":"Server running on port 3000","timestamp":"2025-04-29T16:16:24.581Z"}
{"level":"info","message":"Server running on port 3000","timestamp":"2025-04-29T16:17:59.740Z"}
{"level":"info","message":"Server running on port 3000","timestamp":"2025-04-29T16:18:26.983Z"}
{"level":"info","message":"Server running on port 3000","timestamp":"2025-04-29T16:19:36.098Z"}
{"level":"error","message":"Invalid or expired token","stack":"Error: Invalid or expired token\n    at authenticate (file:///G:/New%20folder/startup/server/middleware/auth.js:20:10)\n    at Layer.handleRequest (G:\\New folder\\startup\\node_modules\\router\\lib\\layer.js:152:17)\n    at next (G:\\New folder\\startup\\node_modules\\router\\lib\\route.js:157:13)\n    at Route.dispatch (G:\\New folder\\startup\\node_modules\\router\\lib\\route.js:117:3)\n    at handle (G:\\New folder\\startup\\node_modules\\router\\index.js:435:11)\n    at Layer.handleRequest (G:\\New folder\\startup\\node_modules\\router\\lib\\layer.js:152:17)\n    at G:\\New folder\\startup\\node_modules\\router\\index.js:295:15\n    at processParams (G:\\New folder\\startup\\node_modules\\router\\index.js:582:12)\n    at next (G:\\New folder\\startup\\node_modules\\router\\index.js:291:5)\n    at Function.handle (G:\\New folder\\startup\\node_modules\\router\\index.js:186:3)","timestamp":"2025-04-29T16:19:50.090Z"}
{"level":"error","message":"Invalid or expired token","stack":"Error: Invalid or expired token\n    at authenticate (file:///G:/New%20folder/startup/server/middleware/auth.js:20:10)\n    at Layer.handleRequest (G:\\New folder\\startup\\node_modules\\router\\lib\\layer.js:152:17)\n    at next (G:\\New folder\\startup\\node_modules\\router\\lib\\route.js:157:13)\n    at Route.dispatch (G:\\New folder\\startup\\node_modules\\router\\lib\\route.js:117:3)\n    at handle (G:\\New folder\\startup\\node_modules\\router\\index.js:435:11)\n    at Layer.handleRequest (G:\\New folder\\startup\\node_modules\\router\\lib\\layer.js:152:17)\n    at G:\\New folder\\startup\\node_modules\\router\\index.js:295:15\n    at processParams (G:\\New folder\\startup\\node_modules\\router\\index.js:582:12)\n    at next (G:\\New folder\\startup\\node_modules\\router\\index.js:291:5)\n    at Function.handle (G:\\New folder\\startup\\node_modules\\router\\index.js:186:3)","timestamp":"2025-04-29T16:20:40.852Z"}
{"level":"info","message":"Server running on port 3000","timestamp":"2025-04-29T16:21:21.192Z"}
{"level":"info","message":"Server running on port 3000","timestamp":"2025-04-29T16:21:40.221Z"}
{"level":"info","message":"Server running on port 3000","timestamp":"2025-04-29T16:22:47.874Z"}
{"level":"info","message":"Server running on port 3000","timestamp":"2025-04-29T16:23:35.604Z"}
{"level":"info","message":"Server running on port 3000","timestamp":"2025-04-29T16:25:01.578Z"}
{"level":"info","message":"Server running on port 3000","timestamp":"2025-04-30T18:14:36.374Z"}
{"level":"info","message":"Server running on port 3000","timestamp":"2025-04-30T18:24:37.279Z"}
{"level":"info","message":"Server running on port 3000","timestamp":"2025-04-30T18:27:43.698Z"}
{"level":"info","message":"Server running on port 3000","timestamp":"2025-04-30T18:27:56.005Z"}
{"level":"info","message":"Server running on port 3000","timestamp":"2025-04-30T18:28:20.453Z"}
{"level":"info","message":"Server running on port 3000","timestamp":"2025-04-30T18:31:54.615Z"}
{"level":"info","message":"Server running on port 3000","timestamp":"2025-04-30T18:35:09.085Z"}
{"level":"info","message":"Server running on port 3000","timestamp":"2025-04-30T18:35:22.363Z"}
{"level":"info","message":"Server running on port 3000","timestamp":"2025-04-30T18:36:41.025Z"}
{"level":"info","message":"Server running on port 3000","timestamp":"2025-04-30T18:39:53.370Z"}
